build/outputs/logs/manifest-merger-debug-report.txt
-- Merging decision tree log ---
manifest
ADDED from Prasad AndroWorkbench\MusicPlayer\AndroidManifest.xml:2:1-51:12
	xmlns:android
		ADDED from Prasad AndroWorkbench\MusicPlayer\AndroidManifest.xml:2:11-69
	package
		ADDED from Prasad AndroWorkbench\MusicPlayer\AndroidManifest.xml:3:5-37
	android:versionName
		ADDED from Prasad AndroWorkbench\MusicPlayer\AndroidManifest.xml:5:5-30
		INJECTED from Prasad AndroWorkbench\MusicPlayer\AndroidManifest.xml
		INJECTED from Prasad AndroWorkbench\MusicPlayer\AndroidManifest.xml
	android:versionCode
		ADDED from Prasad AndroWorkbench\MusicPlayer\AndroidManifest.xml:4:5-28
		INJECTED from Prasad AndroWorkbench\MusicPlayer\AndroidManifest.xml
		INJECTED from Prasad AndroWorkbench\MusicPlayer\AndroidManifest.xml
uses-sdk
ADDED from Prasad AndroWorkbench\MusicPlayer\AndroidManifest.xml:7:5-9:41
	android:targetSdkVersion
		ADDED from Prasad AndroWorkbench\MusicPlayer\AndroidManifest.xml:9:9-38
	android:minSdkVersion
		ADDED from Prasad AndroWorkbench\MusicPlayer\AndroidManifest.xml:8:9-35
uses-permission#android.permission.READ_EXTERNAL_STORAGE
ADDED from Prasad AndroWorkbench\MusicPlayer\AndroidManifest.xml:10:5-79
	android:name
		ADDED from Prasad AndroWorkbench\MusicPlayer\AndroidManifest.xml:10:22-77
uses-permission#android.permission.WAKE_LOCK
ADDED from Prasad AndroWorkbench\MusicPlayer\AndroidManifest.xml:11:5-67
	android:name
		ADDED from Prasad AndroWorkbench\MusicPlayer\AndroidManifest.xml:11:22-65
uses-permission#android.permission.READ_PHONE_STATE
ADDED from Prasad AndroWorkbench\MusicPlayer\AndroidManifest.xml:12:1-70
	android:name
		ADDED from Prasad AndroWorkbench\MusicPlayer\AndroidManifest.xml:12:18-68
application
ADDED from Prasad AndroWorkbench\MusicPlayer\AndroidManifest.xml:14:5-49:19
	android:label
		ADDED from Prasad AndroWorkbench\MusicPlayer\AndroidManifest.xml:17:9-41
	android:allowBackup
		ADDED from Prasad AndroWorkbench\MusicPlayer\AndroidManifest.xml:15:9-35
	android:icon
		ADDED from Prasad AndroWorkbench\MusicPlayer\AndroidManifest.xml:16:9-45
	android:theme
		ADDED from Prasad AndroWorkbench\MusicPlayer\AndroidManifest.xml:18:9-40
activity#com.prasad.musicplayer.HomeActivity
ADDED from Prasad AndroWorkbench\MusicPlayer\AndroidManifest.xml:19:9-27:20
	android:label
		ADDED from Prasad AndroWorkbench\MusicPlayer\AndroidManifest.xml:21:13-45
	android:name
		ADDED from Prasad AndroWorkbench\MusicPlayer\AndroidManifest.xml:20:13-63
intent-filter#android.intent.action.MAIN+android.intent.category.DEFAULT
ADDED from Prasad AndroWorkbench\MusicPlayer\AndroidManifest.xml:22:13-26:29
action#android.intent.action.MAIN
ADDED from Prasad AndroWorkbench\MusicPlayer\AndroidManifest.xml:23:17-69
	android:name
		ADDED from Prasad AndroWorkbench\MusicPlayer\AndroidManifest.xml:23:25-66
category#android.intent.category.DEFAULT
ADDED from Prasad AndroWorkbench\MusicPlayer\AndroidManifest.xml:25:17-76
	android:name
		ADDED from Prasad AndroWorkbench\MusicPlayer\AndroidManifest.xml:25:27-73
activity#com.prasad.musicplayer.MainActivity
ADDED from Prasad AndroWorkbench\MusicPlayer\AndroidManifest.xml:29:9-38:20
	android:screenOrientation
		ADDED from Prasad AndroWorkbench\MusicPlayer\AndroidManifest.xml:32:13-49
	android:label
		ADDED from Prasad AndroWorkbench\MusicPlayer\AndroidManifest.xml:31:13-45
	android:name
		ADDED from Prasad AndroWorkbench\MusicPlayer\AndroidManifest.xml:30:13-41
intent-filter#android.intent.action.MAIN+android.intent.category.LAUNCHER
ADDED from Prasad AndroWorkbench\MusicPlayer\AndroidManifest.xml:33:13-37:29
category#android.intent.category.LAUNCHER
ADDED from Prasad AndroWorkbench\MusicPlayer\AndroidManifest.xml:36:17-77
	android:name
		ADDED from Prasad AndroWorkbench\MusicPlayer\AndroidManifest.xml:36:27-74
activity#com.prasad.musicplayer.PlaylistManager
ADDED from Prasad AndroWorkbench\MusicPlayer\AndroidManifest.xml:40:9-48:20
	android:label
		ADDED from Prasad AndroWorkbench\MusicPlayer\AndroidManifest.xml:42:13-37
	android:name
		ADDED from Prasad AndroWorkbench\MusicPlayer\AndroidManifest.xml:41:13-66
intent-filter#android.intent.category.DEFAULT+com.prasad.musicplayer.PLAYLISTMANAGER
ADDED from Prasad AndroWorkbench\MusicPlayer\AndroidManifest.xml:43:13-47:29
action#com.prasad.musicplayer.PLAYLISTMANAGER
ADDED from Prasad AndroWorkbench\MusicPlayer\AndroidManifest.xml:44:17-81
	android:name
		ADDED from Prasad AndroWorkbench\MusicPlayer\AndroidManifest.xml:44:25-78